Feb 06 21:22:10  [info] $backTrace = #0 /home/bfiorg/public_html/sites/all/modules/civicrm/CRM/Core/Error.php(236): CRM_Core_Error::backtrace("backTrace", TRUE)
#1 [internal function](): CRM_Core_Error::simpleHandler(Object(DB_Error))
#2 /home/bfiorg/public_html/sites/all/modules/civicrm/packages/PEAR.php(931): call_user_func((Array:2), Object(DB_Error))
#3 /home/bfiorg/public_html/sites/all/modules/civicrm/packages/DB.php(969): PEAR_Error->PEAR_Error("DB Error: connect failed", -24, 16, (Array:2), " [nativecode=User bfiorg_admin already has more than 'max_user_connections' a...")
#4 /home/bfiorg/public_html/sites/all/modules/civicrm/packages/PEAR.php(564): DB_Error->DB_Error(-24, 16, (Array:2), " [nativecode=User bfiorg_admin already has more than 'max_user_connections' a...")
#5 /home/bfiorg/public_html/sites/all/modules/civicrm/packages/DB/common.php(1905): PEAR->raiseError(NULL, -24, NULL, NULL, " [nativecode=User bfiorg_admin already has more than 'max_user_connections' a...", "DB_Error", TRUE)
#6 /home/bfiorg/public_html/sites/all/modules/civicrm/packages/DB/mysql.php(252): DB_common->raiseError(-24, NULL, NULL, NULL, "User bfiorg_admin already has more than 'max_user_connections' active connect...")
#7 /home/bfiorg/public_html/sites/all/modules/civicrm/packages/DB.php(559): DB_mysql->connect((Array:10), FALSE)
#8 /home/bfiorg/public_html/sites/all/modules/civicrm/packages/DB/DataObject.php(2294): DB::connect((string))
#9 /home/bfiorg/public_html/sites/all/modules/civicrm/CRM/Core/DAO.php(198): DB_DataObject->_connect()
#10 /home/bfiorg/public_html/sites/all/modules/civicrm/CRM/Core/DAO.php(82): CRM_Core_DAO->initialize()
#11 /home/bfiorg/public_html/sites/all/modules/civicrm/CRM/Core/DAO/Domain.php(148): CRM_Core_DAO->__construct()
#12 /home/bfiorg/public_html/sites/all/modules/civicrm/CRM/Core/BAO/ConfigSetting.php(205): CRM_Core_DAO_Domain->__construct()
#13 /home/bfiorg/public_html/sites/all/modules/civicrm/CRM/Core/Config.php(417): CRM_Core_BAO_ConfigSetting::retrieve((Array:0))
#14 /home/bfiorg/public_html/sites/all/modules/civicrm/CRM/Core/Config.php(199): CRM_Core_Config->_initVariables()
#15 /home/bfiorg/public_html/sites/all/modules/civicrm/drupal/civicrm.module(265): CRM_Core_Config::singleton()
#16 /home/bfiorg/public_html/sites/all/modules/civicrm/drupal/civicrm.module(735): civicrm_initialize()
#17 /home/bfiorg/public_html/sites/all/modules/views/plugins/views_plugin_query_default.inc(1391): civicrm_views_query_alter(Object(view), Object(views_plugin_query_default))
#18 /home/bfiorg/public_html/sites/all/modules/views/includes/view.inc(1049): views_plugin_query_default->alter(Object(view))
#19 /home/bfiorg/public_html/sites/all/modules/views/includes/view.inc(1124): view->build(NULL)
#20 /home/bfiorg/public_html/sites/all/modules/views/includes/view.inc(1192): view->execute(NULL)
#21 /home/bfiorg/public_html/sites/all/modules/views/plugins/views_plugin_display_block.inc(54): view->render()
#22 /home/bfiorg/public_html/sites/all/modules/views/includes/view.inc(1345): views_plugin_display_block->execute()
#23 /home/bfiorg/public_html/sites/all/modules/views/views.module(702): view->execute_display("block")
#24 [internal function](): views_block_view("bfi_front_slideshow-block")
#25 /home/bfiorg/public_html/includes/module.inc(866): call_user_func_array("views_block_view", (Array:1))
#26 /home/bfiorg/public_html/modules/block/block.module(893): module_invoke("views", "block_view", "bfi_front_slideshow-block")
#27 /home/bfiorg/public_html/sites/all/modules/context/plugins/context_reaction_block.inc(392): _block_render_blocks((Array:1))
#28 /home/bfiorg/public_html/sites/all/modules/context/plugins/context_reaction_block.inc(354): context_reaction_block->block_list("header")
#29 /home/bfiorg/public_html/sites/all/modules/context/plugins/context_reaction_block.inc(223): context_reaction_block->block_get_blocks_by_region("header")
#30 /home/bfiorg/public_html/sites/all/modules/context/context.core.inc(264): context_reaction_block->execute((Array:4))
#31 /home/bfiorg/public_html/includes/common.inc(5741): context_page_build((Array:4))
#32 /home/bfiorg/public_html/includes/common.inc(2675): drupal_render_page("")
#33 /home/bfiorg/public_html/includes/common.inc(2563): drupal_deliver_html_page("")
#34 /home/bfiorg/public_html/includes/menu.inc(532): drupal_deliver_page("", "")
#35 /home/bfiorg/public_html/index.php(21): menu_execute_active_handler()
#36 {main}


Feb 06 21:22:16  [info] $backTrace = #0 /home/bfiorg/public_html/sites/all/modules/civicrm/CRM/Core/Error.php(236): CRM_Core_Error::backtrace("backTrace", TRUE)
#1 [internal function](): CRM_Core_Error::simpleHandler(Object(DB_Error))
#2 /home/bfiorg/public_html/sites/all/modules/civicrm/packages/PEAR.php(931): call_user_func((Array:2), Object(DB_Error))
#3 /home/bfiorg/public_html/sites/all/modules/civicrm/packages/DB.php(969): PEAR_Error->PEAR_Error("DB Error: connect failed", -24, 16, (Array:2), " [nativecode=User bfiorg_admin already has more than 'max_user_connections' a...")
#4 /home/bfiorg/public_html/sites/all/modules/civicrm/packages/PEAR.php(564): DB_Error->DB_Error(-24, 16, (Array:2), " [nativecode=User bfiorg_admin already has more than 'max_user_connections' a...")
#5 /home/bfiorg/public_html/sites/all/modules/civicrm/packages/DB/common.php(1905): PEAR->raiseError(NULL, -24, NULL, NULL, " [nativecode=User bfiorg_admin already has more than 'max_user_connections' a...", "DB_Error", TRUE)
#6 /home/bfiorg/public_html/sites/all/modules/civicrm/packages/DB/mysql.php(252): DB_common->raiseError(-24, NULL, NULL, NULL, "User bfiorg_admin already has more than 'max_user_connections' active connect...")
#7 /home/bfiorg/public_html/sites/all/modules/civicrm/packages/DB.php(559): DB_mysql->connect((Array:10), FALSE)
#8 /home/bfiorg/public_html/sites/all/modules/civicrm/packages/DB/DataObject.php(2294): DB::connect((string))
#9 /home/bfiorg/public_html/sites/all/modules/civicrm/CRM/Core/DAO.php(198): DB_DataObject->_connect()
#10 /home/bfiorg/public_html/sites/all/modules/civicrm/CRM/Core/DAO.php(82): CRM_Core_DAO->initialize()
#11 /home/bfiorg/public_html/sites/all/modules/civicrm/CRM/Core/DAO/Domain.php(148): CRM_Core_DAO->__construct()
#12 /home/bfiorg/public_html/sites/all/modules/civicrm/CRM/Core/BAO/ConfigSetting.php(205): CRM_Core_DAO_Domain->__construct()
#13 /home/bfiorg/public_html/sites/all/modules/civicrm/CRM/Core/Config.php(417): CRM_Core_BAO_ConfigSetting::retrieve((Array:0))
#14 /home/bfiorg/public_html/sites/all/modules/civicrm/CRM/Core/Config.php(199): CRM_Core_Config->_initVariables()
#15 /home/bfiorg/public_html/sites/all/modules/civicrm/drupal/civicrm.module(265): CRM_Core_Config::singleton()
#16 /home/bfiorg/public_html/sites/all/modules/civicrm/drupal/civicrm.module(735): civicrm_initialize()
#17 /home/bfiorg/public_html/sites/all/modules/views/plugins/views_plugin_query_default.inc(1391): civicrm_views_query_alter(Object(view), Object(views_plugin_query_default))
#18 /home/bfiorg/public_html/sites/all/modules/views/includes/view.inc(1049): views_plugin_query_default->alter(Object(view))
#19 /home/bfiorg/public_html/sites/all/modules/views/includes/view.inc(1124): view->build(NULL)
#20 /home/bfiorg/public_html/sites/all/modules/views/includes/view.inc(1192): view->execute(NULL)
#21 /home/bfiorg/public_html/sites/all/modules/views/plugins/views_plugin_display_block.inc(54): view->render()
#22 /home/bfiorg/public_html/sites/all/modules/views/includes/view.inc(1345): views_plugin_display_block->execute()
#23 /home/bfiorg/public_html/sites/all/modules/views/views.module(702): view->execute_display("block")
#24 [internal function](): views_block_view("bfi_front_slideshow-block")
#25 /home/bfiorg/public_html/includes/module.inc(866): call_user_func_array("views_block_view", (Array:1))
#26 /home/bfiorg/public_html/modules/block/block.module(893): module_invoke("views", "block_view", "bfi_front_slideshow-block")
#27 /home/bfiorg/public_html/sites/all/modules/context/plugins/context_reaction_block.inc(392): _block_render_blocks((Array:1))
#28 /home/bfiorg/public_html/sites/all/modules/context/plugins/context_reaction_block.inc(354): context_reaction_block->block_list("header")
#29 /home/bfiorg/public_html/sites/all/modules/context/plugins/context_reaction_block.inc(223): context_reaction_block->block_get_blocks_by_region("header")
#30 /home/bfiorg/public_html/sites/all/modules/context/context.core.inc(264): context_reaction_block->execute((Array:4))
#31 /home/bfiorg/public_html/includes/common.inc(5741): context_page_build((Array:4))
#32 /home/bfiorg/public_html/includes/common.inc(2675): drupal_render_page("")
#33 /home/bfiorg/public_html/includes/common.inc(2563): drupal_deliver_html_page("")
#34 /home/bfiorg/public_html/includes/menu.inc(532): drupal_deliver_page("", "")
#35 /home/bfiorg/public_html/index.php(21): menu_execute_active_handler()
#36 {main}


Feb 06 21:22:16  [info] $backTrace = #0 /home/bfiorg/public_html/sites/all/modules/civicrm/CRM/Core/Error.php(236): CRM_Core_Error::backtrace("backTrace", TRUE)
#1 [internal function](): CRM_Core_Error::simpleHandler(Object(DB_Error))
#2 /home/bfiorg/public_html/sites/all/modules/civicrm/packages/PEAR.php(931): call_user_func((Array:2), Object(DB_Error))
#3 /home/bfiorg/public_html/sites/all/modules/civicrm/packages/DB.php(969): PEAR_Error->PEAR_Error("DB Error: connect failed", -24, 16, (Array:2), " [nativecode=User bfiorg_admin already has more than 'max_user_connections' a...")
#4 /home/bfiorg/public_html/sites/all/modules/civicrm/packages/PEAR.php(564): DB_Error->DB_Error(-24, 16, (Array:2), " [nativecode=User bfiorg_admin already has more than 'max_user_connections' a...")
#5 /home/bfiorg/public_html/sites/all/modules/civicrm/packages/DB/common.php(1905): PEAR->raiseError(NULL, -24, NULL, NULL, " [nativecode=User bfiorg_admin already has more than 'max_user_connections' a...", "DB_Error", TRUE)
#6 /home/bfiorg/public_html/sites/all/modules/civicrm/packages/DB/mysql.php(252): DB_common->raiseError(-24, NULL, NULL, NULL, "User bfiorg_admin already has more than 'max_user_connections' active connect...")
#7 /home/bfiorg/public_html/sites/all/modules/civicrm/packages/DB.php(559): DB_mysql->connect((Array:10), FALSE)
#8 /home/bfiorg/public_html/sites/all/modules/civicrm/packages/DB/DataObject.php(2294): DB::connect((string))
#9 /home/bfiorg/public_html/sites/all/modules/civicrm/CRM/Core/DAO.php(198): DB_DataObject->_connect()
#10 /home/bfiorg/public_html/sites/all/modules/civicrm/CRM/Core/DAO.php(82): CRM_Core_DAO->initialize()
#11 /home/bfiorg/public_html/sites/all/modules/civicrm/CRM/Core/DAO/Domain.php(148): CRM_Core_DAO->__construct()
#12 /home/bfiorg/public_html/sites/all/modules/civicrm/CRM/Core/BAO/ConfigSetting.php(205): CRM_Core_DAO_Domain->__construct()
#13 /home/bfiorg/public_html/sites/all/modules/civicrm/CRM/Core/Config.php(417): CRM_Core_BAO_ConfigSetting::retrieve((Array:0))
#14 /home/bfiorg/public_html/sites/all/modules/civicrm/CRM/Core/Config.php(199): CRM_Core_Config->_initVariables()
#15 /home/bfiorg/public_html/sites/all/modules/civicrm/drupal/civicrm.module(265): CRM_Core_Config::singleton()
#16 /home/bfiorg/public_html/sites/all/modules/civicrm/drupal/civicrm.module(735): civicrm_initialize()
#17 /home/bfiorg/public_html/sites/all/modules/views/plugins/views_plugin_query_default.inc(1391): civicrm_views_query_alter(Object(view), Object(views_plugin_query_default))
#18 /home/bfiorg/public_html/sites/all/modules/views/includes/view.inc(1049): views_plugin_query_default->alter(Object(view))
#19 /home/bfiorg/public_html/sites/all/modules/views/includes/view.inc(1124): view->build(NULL)
#20 /home/bfiorg/public_html/sites/all/modules/views/includes/view.inc(1192): view->execute(NULL)
#21 /home/bfiorg/public_html/sites/all/modules/views/plugins/views_plugin_display_block.inc(54): view->render()
#22 /home/bfiorg/public_html/sites/all/modules/views/includes/view.inc(1345): views_plugin_display_block->execute()
#23 /home/bfiorg/public_html/sites/all/modules/views/views.module(702): view->execute_display("block")
#24 [internal function](): views_block_view("bfi_front_slideshow-block")
#25 /home/bfiorg/public_html/includes/module.inc(866): call_user_func_array("views_block_view", (Array:1))
#26 /home/bfiorg/public_html/modules/block/block.module(893): module_invoke("views", "block_view", "bfi_front_slideshow-block")
#27 /home/bfiorg/public_html/sites/all/modules/context/plugins/context_reaction_block.inc(392): _block_render_blocks((Array:1))
#28 /home/bfiorg/public_html/sites/all/modules/context/plugins/context_reaction_block.inc(354): context_reaction_block->block_list("header")
#29 /home/bfiorg/public_html/sites/all/modules/context/plugins/context_reaction_block.inc(223): context_reaction_block->block_get_blocks_by_region("header")
#30 /home/bfiorg/public_html/sites/all/modules/context/context.core.inc(264): context_reaction_block->execute((Array:4))
#31 /home/bfiorg/public_html/includes/common.inc(5741): context_page_build((Array:4))
#32 /home/bfiorg/public_html/includes/common.inc(2675): drupal_render_page("")
#33 /home/bfiorg/public_html/includes/common.inc(2563): drupal_deliver_html_page("")
#34 /home/bfiorg/public_html/includes/menu.inc(532): drupal_deliver_page("", "")
#35 /home/bfiorg/public_html/index.php(21): menu_execute_active_handler()
#36 {main}


Feb 06 21:22:17  [info] $backTrace = #0 /home/bfiorg/public_html/sites/all/modules/civicrm/CRM/Core/Error.php(236): CRM_Core_Error::backtrace("backTrace", TRUE)
#1 [internal function](): CRM_Core_Error::simpleHandler(Object(DB_Error))
#2 /home/bfiorg/public_html/sites/all/modules/civicrm/packages/PEAR.php(931): call_user_func((Array:2), Object(DB_Error))
#3 /home/bfiorg/public_html/sites/all/modules/civicrm/packages/DB.php(969): PEAR_Error->PEAR_Error("DB Error: connect failed", -24, 16, (Array:2), " [nativecode=User bfiorg_admin already has more than 'max_user_connections' a...")
#4 /home/bfiorg/public_html/sites/all/modules/civicrm/packages/PEAR.php(564): DB_Error->DB_Error(-24, 16, (Array:2), " [nativecode=User bfiorg_admin already has more than 'max_user_connections' a...")
#5 /home/bfiorg/public_html/sites/all/modules/civicrm/packages/DB/common.php(1905): PEAR->raiseError(NULL, -24, NULL, NULL, " [nativecode=User bfiorg_admin already has more than 'max_user_connections' a...", "DB_Error", TRUE)
#6 /home/bfiorg/public_html/sites/all/modules/civicrm/packages/DB/mysql.php(252): DB_common->raiseError(-24, NULL, NULL, NULL, "User bfiorg_admin already has more than 'max_user_connections' active connect...")
#7 /home/bfiorg/public_html/sites/all/modules/civicrm/packages/DB.php(559): DB_mysql->connect((Array:10), FALSE)
#8 /home/bfiorg/public_html/sites/all/modules/civicrm/packages/DB/DataObject.php(2294): DB::connect((string))
#9 /home/bfiorg/public_html/sites/all/modules/civicrm/CRM/Core/DAO.php(198): DB_DataObject->_connect()
#10 /home/bfiorg/public_html/sites/all/modules/civicrm/CRM/Core/DAO.php(82): CRM_Core_DAO->initialize()
#11 /home/bfiorg/public_html/sites/all/modules/civicrm/CRM/Core/DAO/Domain.php(148): CRM_Core_DAO->__construct()
#12 /home/bfiorg/public_html/sites/all/modules/civicrm/CRM/Core/BAO/ConfigSetting.php(205): CRM_Core_DAO_Domain->__construct()
#13 /home/bfiorg/public_html/sites/all/modules/civicrm/CRM/Core/Config.php(417): CRM_Core_BAO_ConfigSetting::retrieve((Array:0))
#14 /home/bfiorg/public_html/sites/all/modules/civicrm/CRM/Core/Config.php(199): CRM_Core_Config->_initVariables()
#15 /home/bfiorg/public_html/sites/all/modules/civicrm/drupal/civicrm.module(265): CRM_Core_Config::singleton()
#16 /home/bfiorg/public_html/sites/all/modules/civicrm/drupal/civicrm.module(735): civicrm_initialize()
#17 /home/bfiorg/public_html/sites/all/modules/views/plugins/views_plugin_query_default.inc(1391): civicrm_views_query_alter(Object(view), Object(views_plugin_query_default))
#18 /home/bfiorg/public_html/sites/all/modules/views/includes/view.inc(1049): views_plugin_query_default->alter(Object(view))
#19 /home/bfiorg/public_html/sites/all/modules/views/includes/view.inc(1124): view->build(NULL)
#20 /home/bfiorg/public_html/sites/all/modules/views/includes/view.inc(1192): view->execute(NULL)
#21 /home/bfiorg/public_html/sites/all/modules/views/plugins/views_plugin_display_block.inc(54): view->render()
#22 /home/bfiorg/public_html/sites/all/modules/views/includes/view.inc(1345): views_plugin_display_block->execute()
#23 /home/bfiorg/public_html/sites/all/modules/views/views.module(702): view->execute_display("block")
#24 [internal function](): views_block_view("bfi_front_slideshow-block")
#25 /home/bfiorg/public_html/includes/module.inc(866): call_user_func_array("views_block_view", (Array:1))
#26 /home/bfiorg/public_html/modules/block/block.module(893): module_invoke("views", "block_view", "bfi_front_slideshow-block")
#27 /home/bfiorg/public_html/sites/all/modules/context/plugins/context_reaction_block.inc(392): _block_render_blocks((Array:1))
#28 /home/bfiorg/public_html/sites/all/modules/context/plugins/context_reaction_block.inc(354): context_reaction_block->block_list("header")
#29 /home/bfiorg/public_html/sites/all/modules/context/plugins/context_reaction_block.inc(223): context_reaction_block->block_get_blocks_by_region("header")
#30 /home/bfiorg/public_html/sites/all/modules/context/context.core.inc(264): context_reaction_block->execute((Array:4))
#31 /home/bfiorg/public_html/includes/common.inc(5741): context_page_build((Array:4))
#32 /home/bfiorg/public_html/includes/common.inc(2675): drupal_render_page("")
#33 /home/bfiorg/public_html/includes/common.inc(2563): drupal_deliver_html_page("")
#34 /home/bfiorg/public_html/includes/menu.inc(532): drupal_deliver_page("", "")
#35 /home/bfiorg/public_html/index.php(21): menu_execute_active_handler()
#36 {main}


Feb 06 21:22:18  [info] $backTrace = #0 /home/bfiorg/public_html/sites/all/modules/civicrm/CRM/Core/Error.php(236): CRM_Core_Error::backtrace("backTrace", TRUE)
#1 [internal function](): CRM_Core_Error::simpleHandler(Object(DB_Error))
#2 /home/bfiorg/public_html/sites/all/modules/civicrm/packages/PEAR.php(931): call_user_func((Array:2), Object(DB_Error))
#3 /home/bfiorg/public_html/sites/all/modules/civicrm/packages/DB.php(969): PEAR_Error->PEAR_Error("DB Error: connect failed", -24, 16, (Array:2), " [nativecode=User bfiorg_admin already has more than 'max_user_connections' a...")
#4 /home/bfiorg/public_html/sites/all/modules/civicrm/packages/PEAR.php(564): DB_Error->DB_Error(-24, 16, (Array:2), " [nativecode=User bfiorg_admin already has more than 'max_user_connections' a...")
#5 /home/bfiorg/public_html/sites/all/modules/civicrm/packages/DB/common.php(1905): PEAR->raiseError(NULL, -24, NULL, NULL, " [nativecode=User bfiorg_admin already has more than 'max_user_connections' a...", "DB_Error", TRUE)
#6 /home/bfiorg/public_html/sites/all/modules/civicrm/packages/DB/mysql.php(252): DB_common->raiseError(-24, NULL, NULL, NULL, "User bfiorg_admin already has more than 'max_user_connections' active connect...")
#7 /home/bfiorg/public_html/sites/all/modules/civicrm/packages/DB.php(559): DB_mysql->connect((Array:10), FALSE)
#8 /home/bfiorg/public_html/sites/all/modules/civicrm/packages/DB/DataObject.php(2294): DB::connect((string))
#9 /home/bfiorg/public_html/sites/all/modules/civicrm/CRM/Core/DAO.php(198): DB_DataObject->_connect()
#10 /home/bfiorg/public_html/sites/all/modules/civicrm/CRM/Core/DAO.php(82): CRM_Core_DAO->initialize()
#11 /home/bfiorg/public_html/sites/all/modules/civicrm/CRM/Core/DAO/Domain.php(148): CRM_Core_DAO->__construct()
#12 /home/bfiorg/public_html/sites/all/modules/civicrm/CRM/Core/BAO/ConfigSetting.php(205): CRM_Core_DAO_Domain->__construct()
#13 /home/bfiorg/public_html/sites/all/modules/civicrm/CRM/Core/Config.php(417): CRM_Core_BAO_ConfigSetting::retrieve((Array:0))
#14 /home/bfiorg/public_html/sites/all/modules/civicrm/CRM/Core/Config.php(199): CRM_Core_Config->_initVariables()
#15 /home/bfiorg/public_html/sites/all/modules/civicrm/drupal/civicrm.module(265): CRM_Core_Config::singleton()
#16 /home/bfiorg/public_html/sites/all/modules/civicrm/drupal/civicrm.module(735): civicrm_initialize()
#17 /home/bfiorg/public_html/sites/all/modules/views/plugins/views_plugin_query_default.inc(1391): civicrm_views_query_alter(Object(view), Object(views_plugin_query_default))
#18 /home/bfiorg/public_html/sites/all/modules/views/includes/view.inc(1049): views_plugin_query_default->alter(Object(view))
#19 /home/bfiorg/public_html/sites/all/modules/views/includes/view.inc(1124): view->build(NULL)
#20 /home/bfiorg/public_html/sites/all/modules/views/includes/view.inc(1192): view->execute(NULL)
#21 /home/bfiorg/public_html/sites/all/modules/views/plugins/views_plugin_display_block.inc(54): view->render()
#22 /home/bfiorg/public_html/sites/all/modules/views/includes/view.inc(1345): views_plugin_display_block->execute()
#23 /home/bfiorg/public_html/sites/all/modules/views/views.module(702): view->execute_display("block")
#24 [internal function](): views_block_view("bfi_front_slideshow-block")
#25 /home/bfiorg/public_html/includes/module.inc(866): call_user_func_array("views_block_view", (Array:1))
#26 /home/bfiorg/public_html/modules/block/block.module(893): module_invoke("views", "block_view", "bfi_front_slideshow-block")
#27 /home/bfiorg/public_html/sites/all/modules/context/plugins/context_reaction_block.inc(392): _block_render_blocks((Array:1))
#28 /home/bfiorg/public_html/sites/all/modules/context/plugins/context_reaction_block.inc(354): context_reaction_block->block_list("header")
#29 /home/bfiorg/public_html/sites/all/modules/context/plugins/context_reaction_block.inc(223): context_reaction_block->block_get_blocks_by_region("header")
#30 /home/bfiorg/public_html/sites/all/modules/context/context.core.inc(264): context_reaction_block->execute((Array:4))
#31 /home/bfiorg/public_html/includes/common.inc(5741): context_page_build((Array:4))
#32 /home/bfiorg/public_html/includes/common.inc(2675): drupal_render_page("")
#33 /home/bfiorg/public_html/includes/common.inc(2563): drupal_deliver_html_page("")
#34 /home/bfiorg/public_html/includes/menu.inc(532): drupal_deliver_page("", "")
#35 /home/bfiorg/public_html/index.php(21): menu_execute_active_handler()
#36 {main}


Feb 06 21:22:19  [info] $backTrace = #0 /home/bfiorg/public_html/sites/all/modules/civicrm/CRM/Core/Error.php(236): CRM_Core_Error::backtrace("backTrace", TRUE)
#1 [internal function](): CRM_Core_Error::simpleHandler(Object(DB_Error))
#2 /home/bfiorg/public_html/sites/all/modules/civicrm/packages/PEAR.php(931): call_user_func((Array:2), Object(DB_Error))
#3 /home/bfiorg/public_html/sites/all/modules/civicrm/packages/DB.php(969): PEAR_Error->PEAR_Error("DB Error: connect failed", -24, 16, (Array:2), " [nativecode=User bfiorg_admin already has more than 'max_user_connections' a...")
#4 /home/bfiorg/public_html/sites/all/modules/civicrm/packages/PEAR.php(564): DB_Error->DB_Error(-24, 16, (Array:2), " [nativecode=User bfiorg_admin already has more than 'max_user_connections' a...")
#5 /home/bfiorg/public_html/sites/all/modules/civicrm/packages/DB/common.php(1905): PEAR->raiseError(NULL, -24, NULL, NULL, " [nativecode=User bfiorg_admin already has more than 'max_user_connections' a...", "DB_Error", TRUE)
#6 /home/bfiorg/public_html/sites/all/modules/civicrm/packages/DB/mysql.php(252): DB_common->raiseError(-24, NULL, NULL, NULL, "User bfiorg_admin already has more than 'max_user_connections' active connect...")
#7 /home/bfiorg/public_html/sites/all/modules/civicrm/packages/DB.php(559): DB_mysql->connect((Array:10), FALSE)
#8 /home/bfiorg/public_html/sites/all/modules/civicrm/packages/DB/DataObject.php(2294): DB::connect((string))
#9 /home/bfiorg/public_html/sites/all/modules/civicrm/CRM/Core/DAO.php(198): DB_DataObject->_connect()
#10 /home/bfiorg/public_html/sites/all/modules/civicrm/CRM/Core/DAO.php(82): CRM_Core_DAO->initialize()
#11 /home/bfiorg/public_html/sites/all/modules/civicrm/CRM/Core/DAO/Domain.php(148): CRM_Core_DAO->__construct()
#12 /home/bfiorg/public_html/sites/all/modules/civicrm/CRM/Core/BAO/ConfigSetting.php(205): CRM_Core_DAO_Domain->__construct()
#13 /home/bfiorg/public_html/sites/all/modules/civicrm/CRM/Core/Config.php(417): CRM_Core_BAO_ConfigSetting::retrieve((Array:0))
#14 /home/bfiorg/public_html/sites/all/modules/civicrm/CRM/Core/Config.php(199): CRM_Core_Config->_initVariables()
#15 /home/bfiorg/public_html/sites/all/modules/civicrm/drupal/civicrm.module(265): CRM_Core_Config::singleton()
#16 /home/bfiorg/public_html/sites/all/modules/civicrm/drupal/civicrm.module(735): civicrm_initialize()
#17 /home/bfiorg/public_html/sites/all/modules/views/plugins/views_plugin_query_default.inc(1391): civicrm_views_query_alter(Object(view), Object(views_plugin_query_default))
#18 /home/bfiorg/public_html/sites/all/modules/views/includes/view.inc(1049): views_plugin_query_default->alter(Object(view))
#19 /home/bfiorg/public_html/sites/all/modules/views/includes/view.inc(1124): view->build(NULL)
#20 /home/bfiorg/public_html/sites/all/modules/views/includes/view.inc(1192): view->execute(NULL)
#21 /home/bfiorg/public_html/sites/all/modules/views/plugins/views_plugin_display_block.inc(54): view->render()
#22 /home/bfiorg/public_html/sites/all/modules/views/includes/view.inc(1345): views_plugin_display_block->execute()
#23 /home/bfiorg/public_html/sites/all/modules/views/views.module(702): view->execute_display("intros")
#24 [internal function](): views_block_view("bfi_lit_rbf_books-intros")
#25 /home/bfiorg/public_html/includes/module.inc(866): call_user_func_array("views_block_view", (Array:1))
#26 /home/bfiorg/public_html/modules/block/block.module(893): module_invoke("views", "block_view", "bfi_lit_rbf_books-intros")
#27 /home/bfiorg/public_html/sites/all/modules/context/plugins/context_reaction_block.inc(392): _block_render_blocks((Array:5))
#28 /home/bfiorg/public_html/sites/all/modules/context/plugins/context_reaction_block.inc(354): context_reaction_block->block_list("header")
#29 /home/bfiorg/public_html/sites/all/modules/context/plugins/context_reaction_block.inc(223): context_reaction_block->block_get_blocks_by_region("header")
#30 /home/bfiorg/public_html/sites/all/modules/context/context.core.inc(264): context_reaction_block->execute((Array:5))
#31 /home/bfiorg/public_html/includes/common.inc(5741): context_page_build((Array:5))
#32 /home/bfiorg/public_html/includes/common.inc(2675): drupal_render_page((Array:1))
#33 /home/bfiorg/public_html/includes/common.inc(2563): drupal_deliver_html_page((Array:1))
#34 /home/bfiorg/public_html/includes/menu.inc(532): drupal_deliver_page((Array:1), "")
#35 /home/bfiorg/public_html/index.php(21): menu_execute_active_handler()
#36 {main}


