Feb 03 19:04:24  [info] $backTrace = #0 /vagrant/public/dev.bfi.local/www/sites/all/modules/civicrm/CRM/Core/Error.php(236): CRM_Core_Error::backtrace("backTrace", TRUE)
#1 [internal function](): CRM_Core_Error::simpleHandler(Object(DB_Error))
#2 /vagrant/public/dev.bfi.local/www/sites/all/modules/civicrm/packages/PEAR.php(931): call_user_func((Array:2), Object(DB_Error))
#3 /vagrant/public/dev.bfi.local/www/sites/all/modules/civicrm/packages/DB.php(969): PEAR_Error->PEAR_Error("DB Error: connect failed", -24, 16, (Array:2), " [nativecode=Access denied for user 'myadmin'@'localhost' (using password: YES)]")
#4 /vagrant/public/dev.bfi.local/www/sites/all/modules/civicrm/packages/PEAR.php(564): DB_Error->DB_Error(-24, 16, (Array:2), " [nativecode=Access denied for user 'myadmin'@'localhost' (using password: YES)]")
#5 /vagrant/public/dev.bfi.local/www/sites/all/modules/civicrm/packages/DB/common.php(1905): PEAR->raiseError(NULL, -24, NULL, NULL, " [nativecode=Access denied for user 'myadmin'@'localhost' (using password: YES)]", "DB_Error", TRUE)
#6 /vagrant/public/dev.bfi.local/www/sites/all/modules/civicrm/packages/DB/mysql.php(252): DB_common->raiseError(-24, NULL, NULL, NULL, "Access denied for user 'myadmin'@'localhost' (using password: YES)")
#7 /vagrant/public/dev.bfi.local/www/sites/all/modules/civicrm/packages/DB.php(559): DB_mysql->connect((Array:10), FALSE)
#8 /vagrant/public/dev.bfi.local/www/sites/all/modules/civicrm/packages/DB/DataObject.php(2294): DB::connect((string))
#9 /vagrant/public/dev.bfi.local/www/sites/all/modules/civicrm/CRM/Core/DAO.php(198): DB_DataObject->_connect()
#10 /vagrant/public/dev.bfi.local/www/sites/all/modules/civicrm/CRM/Core/DAO.php(82): CRM_Core_DAO->initialize()
#11 /vagrant/public/dev.bfi.local/www/sites/all/modules/civicrm/CRM/Core/DAO/Domain.php(148): CRM_Core_DAO->__construct()
#12 /vagrant/public/dev.bfi.local/www/sites/all/modules/civicrm/CRM/Core/BAO/ConfigSetting.php(205): CRM_Core_DAO_Domain->__construct()
#13 /vagrant/public/dev.bfi.local/www/sites/all/modules/civicrm/CRM/Core/Config.php(417): CRM_Core_BAO_ConfigSetting::retrieve((Array:0))
#14 /vagrant/public/dev.bfi.local/www/sites/all/modules/civicrm/CRM/Core/Config.php(199): CRM_Core_Config->_initVariables()
#15 /vagrant/public/dev.bfi.local/www/sites/all/modules/civicrm/drupal/civicrm.module(265): CRM_Core_Config::singleton()
#16 /vagrant/public/dev.bfi.local/www/sites/all/modules/civicrm/drupal/modules/views/civicrm.views.inc(69): civicrm_initialize()
#17 /vagrant/public/dev.bfi.local/www/sites/all/modules/views/includes/cache.inc(33): civicrm_views_data_alter((Array:246))
#18 /vagrant/public/dev.bfi.local/www/sites/all/modules/views/views.module(1175): _views_fetch_data(NULL, TRUE, FALSE)
#19 /vagrant/public/dev.bfi.local/www/sites/all/modules/entity/views/entity.views.inc(320): views_fetch_data()
#20 /vagrant/public/dev.bfi.local/www/sites/all/modules/views/includes/plugins.inc(402): entity_views_plugins()
#21 /vagrant/public/dev.bfi.local/www/sites/all/modules/views/includes/cache.inc(97): views_discover_plugins()
#22 /vagrant/public/dev.bfi.local/www/sites/all/modules/views/views.module(1186): _views_fetch_plugin_data("display", "default", FALSE)
#23 /vagrant/public/dev.bfi.local/www/sites/all/modules/views/includes/view.inc(2191): views_fetch_plugin_data("display", "default")
#24 /vagrant/public/dev.bfi.local/www/sites/all/modules/views/includes/view.inc(2287): views_db_object->add_display("default", "Master", "default")
#25 /vagrant/public/dev.bfi.local/www/sites/all/modules/features/bfi_challenge_structure/bfi_challenge_structure.views_default.inc(24): views_db_object->new_display("default", "Master", "default")
#26 /vagrant/public/dev.bfi.local/www/sites/all/modules/ctools/includes/export.inc(675): bfi_challenge_structure_views_default_views((Array:22))
#27 /vagrant/public/dev.bfi.local/www/sites/all/modules/ctools/includes/export.inc(491): _ctools_export_get_defaults("views_view", (Array:22))
#28 /vagrant/public/dev.bfi.local/www/sites/all/modules/ctools/includes/export.inc(148): ctools_export_load_object("views_view", "all")
#29 /vagrant/public/dev.bfi.local/www/sites/all/modules/views/views.module(1362): ctools_export_crud_load_all("views_view", FALSE)
#30 /vagrant/public/dev.bfi.local/www/sites/all/modules/views/views.module(542): views_get_all_views()
#31 [internal function](): views_block_info()
#32 /vagrant/public/dev.bfi.local/www/includes/module.inc(866): call_user_func_array("views_block_info", (Array:0))
#33 /vagrant/public/dev.bfi.local/www/modules/block/block.module(388): module_invoke("views", "block_info")
#34 /vagrant/public/dev.bfi.local/www/sites/all/modules/context/plugins/context_reaction_block.inc(481): _block_rehash("bfi")
#35 /vagrant/public/dev.bfi.local/www/sites/all/modules/context/plugins/context_reaction_block.inc(372): context_reaction_block->get_blocks()
#36 /vagrant/public/dev.bfi.local/www/sites/all/modules/context/plugins/context_reaction_block.inc(354): context_reaction_block->block_list("header")
#37 /vagrant/public/dev.bfi.local/www/sites/all/modules/context/plugins/context_reaction_block.inc(223): context_reaction_block->block_get_blocks_by_region("header")
#38 /vagrant/public/dev.bfi.local/www/sites/all/modules/context/context.core.inc(264): context_reaction_block->execute((Array:4))
#39 /vagrant/public/dev.bfi.local/www/includes/common.inc(5741): context_page_build((Array:4))
#40 /vagrant/public/dev.bfi.local/www/includes/common.inc(2675): drupal_render_page("")
#41 /vagrant/public/dev.bfi.local/www/includes/common.inc(2563): drupal_deliver_html_page("")
#42 /vagrant/public/dev.bfi.local/www/includes/menu.inc(532): drupal_deliver_page("", "")
#43 /vagrant/public/dev.bfi.local/www/index.php(21): menu_execute_active_handler()
#44 {main}


